SF:lib/models/trip_model.dart
DA:11,2
DA:20,2
DA:21,2
DA:22,2
DA:23,2
DA:24,2
DA:25,10
DA:26,2
DA:27,2
LF:9
LH:9
end_of_record
SF:lib/util/availability.dart
DA:8,4
DA:14,2
DA:15,2
DA:16,2
DA:17,2
DA:18,2
LF:6
LH:6
end_of_record
SF:lib/services/firestore_service.dart
DA:15,1
DA:16,0
DA:17,1
DA:18,0
DA:20,0
DA:22,0
DA:26,0
DA:27,0
DA:45,1
DA:46,4
DA:47,1
DA:50,1
DA:51,5
DA:52,3
DA:56,1
DA:57,2
DA:58,6
DA:59,1
DA:60,3
DA:62,1
DA:63,4
DA:66,5
DA:67,2
DA:70,6
DA:71,1
DA:72,1
DA:75,1
DA:76,3
DA:77,0
DA:80,5
DA:81,2
DA:86,1
DA:87,4
DA:88,1
DA:91,1
DA:92,5
DA:93,2
DA:97,1
DA:98,6
DA:99,1
DA:100,1
DA:105,1
DA:106,1
DA:107,1
DA:108,1
DA:109,1
DA:110,5
DA:111,1
DA:112,2
DA:114,1
DA:118,0
DA:119,0
DA:120,0
DA:124,0
DA:125,0
DA:126,0
DA:127,0
DA:131,0
DA:132,0
DA:134,0
DA:137,0
DA:139,0
DA:140,0
DA:144,0
DA:147,0
DA:150,0
DA:151,0
DA:152,0
LF:68
LH:43
end_of_record
SF:lib/services/push_notifications.dart
DA:6,0
DA:9,0
DA:10,0
DA:20,0
DA:23,0
DA:24,0
DA:27,0
DA:31,0
DA:37,0
DA:38,0
DA:41,0
DA:44,0
LF:12
LH:0
end_of_record
SF:lib/shared/firebase_authentication.dart
DA:10,1
DA:11,3
DA:14,1
DA:16,1
DA:18,1
DA:19,1
DA:20,2
DA:21,1
DA:26,1
DA:28,1
DA:29,1
DA:30,2
DA:31,1
DA:36,1
DA:38,2
DA:40,0
LF:16
LH:15
end_of_record
SF:lib/widgets/join_trip_dialog.dart
DA:11,1
DA:13,1
DA:14,1
DA:21,1
DA:22,5
DA:23,2
DA:27,3
DA:28,5
DA:29,5
DA:30,5
DA:31,10
DA:32,3
DA:36,1
DA:38,1
DA:40,1
DA:42,1
DA:43,1
DA:44,1
DA:46,2
DA:54,1
DA:55,1
DA:65,1
DA:66,1
DA:67,2
DA:68,1
DA:73,1
DA:74,1
DA:75,1
DA:77,1
LF:29
LH:29
end_of_record
SF:lib/firebase_options.dart
DA:18,0
DA:22,0
DA:23,0
DA:25,0
DA:27,0
DA:29,0
DA:31,0
DA:32,0
DA:37,0
LF:9
LH:0
end_of_record
SF:lib/main.dart
DA:12,0
DA:13,0
DA:14,0
DA:18,0
DA:19,0
DA:20,0
DA:21,0
DA:23,0
DA:24,0
DA:25,0
DA:26,0
DA:31,0
DA:32,0
DA:34,0
DA:36,0
DA:45,0
DA:46,0
DA:47,0
LF:18
LH:0
end_of_record
SF:lib/pages/create_trip.dart
DA:15,1
DA:16,0
DA:19,1
DA:20,1
DA:31,0
DA:32,0
DA:34,0
DA:35,0
DA:38,0
DA:39,0
DA:40,0
DA:41,0
DA:46,0
DA:47,0
DA:48,0
DA:51,0
DA:53,0
DA:54,0
DA:55,0
DA:56,0
DA:60,0
DA:62,0
DA:63,0
DA:64,0
DA:67,0
DA:68,0
DA:70,0
DA:75,1
DA:77,1
DA:78,1
DA:89,1
DA:91,1
DA:92,1
DA:93,1
DA:95,1
DA:96,1
DA:103,0
DA:104,0
DA:109,0
DA:110,0
DA:113,1
DA:120,0
DA:121,0
DA:126,0
DA:127,0
DA:133,1
DA:136,1
DA:137,0
DA:138,1
DA:139,1
DA:140,1
DA:152,1
DA:153,0
DA:154,0
DA:155,0
DA:157,1
DA:160,1
DA:163,1
DA:164,1
DA:165,1
DA:166,1
DA:167,1
LF:62
LH:26
end_of_record
SF:lib/pages/home_page.dart
DA:16,1
DA:17,0
DA:20,0
DA:21,0
DA:23,0
DA:24,0
DA:29,0
DA:30,0
DA:31,0
DA:32,0
DA:35,0
DA:39,1
DA:41,1
DA:42,1
DA:52,1
DA:53,1
DA:55,0
DA:56,0
DA:57,0
DA:58,0
DA:59,0
DA:62,0
DA:63,0
DA:65,0
DA:67,0
DA:68,0
DA:72,2
DA:83,1
DA:85,1
DA:91,1
DA:92,4
DA:93,1
DA:94,1
DA:95,0
DA:98,2
DA:104,1
DA:105,3
DA:106,5
DA:107,1
DA:108,1
DA:109,1
DA:110,1
DA:115,1
DA:117,0
DA:118,0
DA:120,1
DA:121,1
DA:123,1
DA:124,2
DA:125,1
DA:126,1
DA:127,1
DA:128,4
DA:129,1
DA:130,1
DA:131,1
DA:133,2
DA:134,1
DA:142,1
LF:59
LH:36
end_of_record
SF:lib/pages/login_screen.dart
DA:10,1
DA:13,1
DA:14,1
DA:27,0
DA:28,0
DA:30,0
DA:31,0
DA:32,0
DA:35,0
DA:40,1
DA:42,2
DA:43,0
DA:44,1
DA:45,1
DA:56,1
DA:57,1
DA:58,1
DA:60,1
DA:61,1
DA:62,1
DA:63,1
DA:64,1
DA:65,1
DA:66,1
DA:72,1
DA:73,1
DA:75,1
DA:76,1
DA:86,1
DA:87,1
DA:89,2
DA:99,1
DA:100,1
DA:102,1
DA:103,1
DA:114,2
DA:120,1
DA:121,1
DA:122,1
DA:124,1
DA:126,1
DA:127,1
DA:128,1
DA:129,3
DA:130,1
DA:131,1
DA:132,1
DA:136,1
DA:138,0
DA:139,0
DA:140,0
DA:141,0
DA:142,0
DA:143,0
DA:145,0
DA:146,0
DA:156,0
DA:157,0
DA:158,0
DA:163,0
DA:164,0
DA:165,0
DA:167,0
DA:168,0
DA:172,0
DA:173,0
DA:174,0
DA:175,0
DA:176,0
DA:177,0
DA:180,0
DA:181,0
DA:182,0
DA:192,1
DA:193,1
DA:194,1
DA:195,1
DA:201,0
DA:202,0
DA:203,0
DA:210,1
DA:211,1
DA:212,1
DA:213,1
DA:215,3
LF:85
LH:50
end_of_record
SF:lib/pages/trip_details.dart
DA:18,2
DA:28,2
DA:29,2
DA:37,2
DA:38,6
DA:39,2
DA:40,8
DA:41,6
DA:42,6
DA:44,8
DA:45,8
DA:47,8
DA:48,8
DA:50,4
DA:54,0
DA:55,0
DA:57,0
DA:58,0
DA:65,0
DA:66,0
DA:69,0
DA:70,0
DA:71,0
DA:72,0
DA:73,0
DA:78,0
DA:79,0
DA:80,0
DA:81,0
DA:86,2
DA:88,6
DA:89,2
DA:91,2
DA:92,2
DA:93,2
DA:94,4
DA:102,2
DA:103,2
DA:104,2
DA:105,1
DA:106,4
DA:111,2
DA:113,2
DA:115,2
DA:117,2
DA:119,2
DA:120,2
DA:121,2
DA:123,2
DA:124,2
DA:125,2
DA:127,2
DA:128,4
DA:129,2
DA:130,8
DA:131,2
DA:132,4
DA:134,2
DA:136,2
DA:137,0
DA:138,0
DA:140,2
DA:141,20
DA:145,6
DA:146,2
DA:147,0
DA:148,0
DA:150,2
DA:152,2
DA:158,2
DA:160,2
DA:161,2
DA:162,2
DA:164,2
DA:166,2
DA:167,2
DA:168,2
DA:169,2
DA:171,4
DA:172,2
DA:173,4
DA:174,2
DA:175,2
DA:177,2
DA:178,2
DA:180,0
DA:181,0
DA:182,0
DA:186,4
DA:187,2
DA:188,2
DA:189,2
DA:191,2
DA:192,0
DA:194,0
DA:199,6
DA:200,2
DA:201,2
DA:202,2
DA:204,2
DA:205,0
DA:206,0
DA:207,0
DA:208,0
DA:210,0
DA:211,0
DA:212,0
DA:214,0
DA:215,0
DA:216,0
LF:110
LH:76
end_of_record
