SF:lib/models/trip_model.dart
DA:11,2
DA:20,2
DA:21,2
DA:22,2
DA:23,2
DA:26,2
DA:27,10
LF:7
LH:7
end_of_record
SF:lib/util/availability.dart
DA:8,4
DA:14,2
DA:15,2
DA:16,2
DA:17,2
DA:18,2
LF:6
LH:6
end_of_record
SF:lib/services/firestore_service.dart
DA:11,1
DA:12,0
DA:15,0
DA:16,0
DA:17,0
DA:20,1
DA:21,4
DA:22,1
DA:25,1
DA:26,5
DA:27,3
DA:31,1
DA:32,3
DA:33,6
DA:34,1
DA:35,3
DA:37,1
DA:38,4
DA:41,5
DA:42,2
DA:45,6
DA:46,1
DA:47,1
DA:50,1
DA:51,3
DA:52,0
DA:55,5
DA:56,2
DA:61,1
DA:62,4
DA:63,1
DA:66,1
DA:67,5
DA:68,2
DA:72,1
DA:73,6
DA:74,1
DA:75,1
DA:80,1
DA:81,1
DA:82,1
DA:83,1
DA:84,1
DA:85,5
DA:86,1
DA:87,2
DA:89,1
LF:47
LH:42
end_of_record
SF:lib/widgets/join_trip_dialog.dart
DA:11,1
DA:15,1
DA:16,4
DA:17,2
DA:21,2
DA:22,4
DA:23,3
DA:36,1
DA:38,1
DA:40,1
DA:41,1
DA:43,2
DA:50,1
DA:51,1
DA:52,2
DA:53,1
DA:58,1
DA:59,1
DA:60,1
DA:62,1
LF:20
LH:20
end_of_record
SF:lib/shared/firebase_authentication.dart
DA:10,1
DA:11,3
DA:14,1
DA:16,1
DA:18,1
DA:19,1
DA:20,2
DA:21,1
DA:26,1
DA:28,1
DA:29,1
DA:30,2
DA:31,1
DA:36,1
DA:38,2
DA:40,0
LF:16
LH:15
end_of_record
SF:lib/pages/login_screen.dart
DA:10,1
DA:12,1
DA:13,1
DA:26,0
DA:27,0
DA:29,0
DA:30,0
DA:31,0
DA:34,0
DA:39,1
DA:41,1
DA:42,0
DA:43,1
DA:44,1
DA:55,1
DA:56,1
DA:57,1
DA:59,1
DA:60,1
DA:61,1
DA:62,1
DA:63,1
DA:64,1
DA:65,1
DA:71,1
DA:72,1
DA:74,1
DA:75,1
DA:85,1
DA:86,1
DA:88,2
DA:98,1
DA:99,1
DA:101,1
DA:102,1
DA:113,2
DA:119,1
DA:120,1
DA:121,1
DA:123,1
DA:125,1
DA:126,1
DA:127,1
DA:128,3
DA:129,1
DA:130,1
DA:131,1
DA:135,1
DA:137,0
DA:138,0
DA:139,0
DA:140,0
DA:141,0
DA:142,0
DA:144,0
DA:145,0
DA:155,0
DA:156,0
DA:157,0
DA:162,0
DA:163,0
DA:164,0
DA:166,0
DA:167,0
DA:171,0
DA:172,0
DA:173,0
DA:174,0
DA:175,0
DA:176,0
DA:179,0
DA:180,0
DA:181,0
DA:191,1
DA:192,1
DA:193,1
DA:194,1
DA:200,0
DA:201,0
DA:202,0
DA:209,1
DA:210,1
DA:211,1
DA:212,1
DA:214,3
LF:85
LH:50
end_of_record
SF:lib/pages/create_trip.dart
DA:15,1
DA:16,0
DA:19,1
DA:20,1
DA:33,0
DA:34,0
DA:36,0
DA:37,0
DA:40,0
DA:41,0
DA:42,0
DA:43,0
DA:48,0
DA:49,0
DA:50,0
DA:53,0
DA:55,0
DA:56,0
DA:57,0
DA:58,0
DA:62,0
DA:64,0
DA:67,0
DA:68,0
DA:71,0
DA:72,0
DA:74,0
DA:79,1
DA:81,1
DA:82,1
DA:93,1
DA:95,1
DA:96,1
DA:97,1
DA:99,1
DA:100,1
DA:107,0
DA:108,0
DA:113,0
DA:114,0
DA:117,1
DA:124,0
DA:125,0
DA:130,0
DA:131,0
DA:137,1
DA:140,1
DA:141,0
DA:142,1
DA:143,1
DA:144,1
DA:156,1
DA:157,0
DA:158,0
DA:159,0
DA:161,1
DA:164,1
DA:167,1
DA:168,1
DA:169,1
DA:170,1
DA:171,1
LF:62
LH:26
end_of_record
SF:lib/pages/home_page.dart
DA:16,1
DA:17,0
DA:20,0
DA:21,0
DA:23,0
DA:24,0
DA:29,0
DA:30,0
DA:31,0
DA:32,0
DA:35,0
DA:39,1
DA:41,1
DA:42,1
DA:52,1
DA:53,1
DA:55,0
DA:56,0
DA:57,0
DA:58,0
DA:59,0
DA:62,0
DA:63,0
DA:65,0
DA:67,0
DA:68,0
DA:72,2
DA:83,1
DA:85,1
DA:91,1
DA:92,4
DA:93,1
DA:94,1
DA:95,0
DA:98,2
DA:104,1
DA:105,3
DA:106,1
DA:107,1
DA:108,1
DA:109,1
DA:114,1
DA:116,0
DA:118,1
DA:119,1
DA:121,1
DA:122,2
DA:123,1
DA:124,1
DA:125,5
DA:126,1
DA:127,1
DA:128,1
DA:130,2
DA:131,1
DA:139,1
LF:56
LH:34
end_of_record
SF:lib/pages/trip_details.dart
DA:17,2
DA:26,2
DA:27,6
DA:28,2
DA:29,4
DA:30,4
DA:31,4
DA:33,6
DA:34,6
DA:36,6
DA:37,6
DA:39,4
DA:43,0
DA:44,0
DA:46,0
DA:47,0
DA:59,2
DA:61,6
DA:62,2
DA:64,2
DA:65,2
DA:66,2
DA:67,2
DA:75,2
DA:76,2
DA:77,2
DA:78,1
DA:79,3
DA:84,2
DA:86,2
DA:88,2
DA:98,2
DA:100,2
DA:101,2
DA:102,2
DA:104,2
DA:105,2
DA:106,4
DA:107,2
DA:108,2
DA:109,6
DA:110,2
DA:111,4
DA:112,2
DA:113,2
DA:114,0
DA:116,22
DA:120,4
DA:121,2
DA:122,0
DA:123,0
DA:125,2
DA:127,2
DA:152,2
DA:154,2
DA:155,2
DA:156,2
DA:158,10
LF:58
LH:51
end_of_record
